<?xml version="1.0" encoding="UTF-8"?>
<testsuite xmlns:xsi="http://www.w3.org/2001/XMLSchema-instance" xsi:noNamespaceSchemaLocation="https://maven.apache.org/surefire/maven-surefire-plugin/xsd/surefire-test-report-3.0.xsd" version="3.0" name="roshan.com.demo.DemoApplicationTests" time="15.438" tests="1" errors="0" skipped="0" failures="0">
  <properties>
[...]
</properties>
  <testcase name="contextLoads" classname="roshan.com.demo.DemoApplicationTests" time="4.349">
    <system-out><![CDATA[12:30:09.453 [main] INFO org.springframework.test.context.support.AnnotationConfigContextLoaderUtils -- Could not detect default configuration classes for test class [roshan.com.demo.DemoApplicationTests]: DemoApplicationTests does not declare any static, non-private, non-final, nested classes annotated with @Configuration.
12:30:10.176 [main] INFO org.springframework.boot.test.context.SpringBootTestContextBootstrapper -- Found @SpringBootConfiguration roshan.com.demo.DemoApplication for test class roshan.com.demo.DemoApplicationTests

  .   ____          _            __ _ _
 /\\ / ___'_ __ _ _(_)_ __  __ _ \ \ \ \
( ( )\___ | '_ | '_| | '_ \/ _` | \ \ \ \
 \\/  ___)| |_)| | | | | || (_| |  ) ) ) )
  '  |____| .__|_| |_|_| |_\__, | / / / /
 =========|_|==============|___/=/_/_/_/

 :: Spring Boot ::                (v3.3.1)

2024-07-04T12:30:12.615+05:30  INFO 10996 --- [demo] [           main] roshan.com.demo.DemoApplicationTests     : Starting DemoApplicationTests using Java 17.0.10 with PID 10996 (started by Roshan kumar in C:\Users\Roshan kumar\Downloads\demo)
2024-07-04T12:30:12.643+05:30  INFO 10996 --- [demo] [           main] roshan.com.demo.DemoApplicationTests     : No active profile set, falling back to 1 default profile: "default"
2024-07-04T12:30:17.353+05:30  WARN 10996 --- [demo] [           main] trationDelegate$BeanPostProcessorChecker : Bean 'org.springframework.ws.config.annotation.DelegatingWsConfiguration' of type [org.springframework.ws.config.annotation.DelegatingWsConfiguration$$SpringCGLIB$$0] is not eligible for getting processed by all BeanPostProcessors (for example: not eligible for auto-proxying). The currently created BeanPostProcessor [annotationActionEndpointMapping] is declared through a non-static factory method on that class; consider declaring it as static instead.
2024-07-04T12:30:17.498+05:30  INFO 10996 --- [demo] [           main] .w.s.a.s.AnnotationActionEndpointMapping : Supporting [WS-Addressing August 2004, WS-Addressing 1.0]
2024-07-04T12:30:19.680+05:30  INFO 10996 --- [demo] [           main] roshan.com.demo.DemoApplicationTests     : Started DemoApplicationTests in 8.6 seconds (process running for 13.581)
]]></system-out>
  </testcase>
</testsuite>